\BOOKMARK [2][-]{subsection*.1}{PROFESSOR CONTACT}{}% 1
\BOOKMARK [2][-]{subsection*.2}{TEACHING ASSISTANTS}{}% 2
\BOOKMARK [2][-]{subsection*.3}{ESSENTIAL LINKS }{}% 3
\BOOKMARK [2][-]{subsection*.4}{COURSE DESCRIPTION}{}% 4
\BOOKMARK [2][-]{subsection*.5}{COURSE PREREQUISITES}{}% 5
\BOOKMARK [2][-]{subsection*.6}{COURSE STRUCTURE AND GRADING}{}% 6
\BOOKMARK [2][-]{subsection*.7}{COURSE POLICIES}{}% 7
\BOOKMARK [2][-]{subsection*.8}{READINGS}{}% 8
\BOOKMARK [2][-]{subsection*.9}{COURSE SCHEDULE}{}% 9
\BOOKMARK [3][-]{subsubsection*.10}{UNIT 1: Regression and Function Fitting}{subsection*.9}% 10
\BOOKMARK [3][-]{subsubsection*.11}{UNIT 2: Classification}{subsection*.9}% 11
\BOOKMARK [3][-]{subsubsection*.12}{UNIT 3: Beyond Linear Methods: Neural Networks}{subsection*.9}% 12
\BOOKMARK [3][-]{subsubsection*.13}{UNIT 3: Unsupervised Learning}{subsection*.9}% 13
\BOOKMARK [3][-]{subsubsection*.14}{UNIT 4: Select Topics}{subsection*.9}% 14
\BOOKMARK [2][-]{subsection*.15}{COURSE OBJECTIVES}{}% 15
\BOOKMARK [2][-]{subsection*.16}{ADDITIONAL INFORMATION}{}% 16
\BOOKMARK [3][-]{subsubsection*.17}{MOSES CENTER STATEMENT OF DISABILITY.}{subsection*.16}% 17
\BOOKMARK [3][-]{subsubsection*.18}{NYU SCHOOL OF ENGINEERING POLICIES AND PROCEDURES ON ACADEMIC MISCONDUCT.}{subsection*.16}% 18
\BOOKMARK [3][-]{subsubsection*.19}{NYU SCHOOL OF ENGINEERING POLICIES AND PROCEDURES ON EXCUSED ABSENCES.}{subsection*.16}% 19
\BOOKMARK [3][-]{subsubsection*.20}{NYU SCHOOL OF ENGINEERING ACADEMIC CALENDAR}{subsection*.16}% 20
